[2026-01-03 15:40:38] [INFO] [配置加载] 配置文件路径: C:\D\CAIE_tool\MyAIProduct\gitTool\dist\user_config.json
[2026-01-03 15:40:38] [INFO] [配置加载] 文件是否存在: False
[2026-01-03 15:40:38] [INFO] [配置加载] 配置文件不存在，使用默认值
[2026-01-03 15:40:38] [INFO] 应用程序启动 (配置文件: C:\D\CAIE_tool\MyAIProduct\gitTool\dist\user_config.json)
[2026-01-03 15:41:06] [INFO] [配置保存] 准备保存配置到: C:\D\CAIE_tool\MyAIProduct\gitTool\dist\user_config.json
[2026-01-03 15:41:06] [INFO] [配置保存] 仓库名称: gitTool
[2026-01-03 15:41:06] [INFO] [配置保存] 提交信息: add .gitignore creation
[2026-01-03 15:41:06] [INFO] [配置保存] 代码路径: C:\D\CAIE_tool\MyAIProduct\gitTool
[2026-01-03 15:41:06] [INFO] [配置保存] 分支选择: master
[2026-01-03 15:41:06] [INFO] [配置保存] 自定义分支: 
[2026-01-03 15:41:06] [INFO] [配置保存] 安全检查: True
[2026-01-03 15:41:06] [INFO] [配置保存] 配置保存成功
[2026-01-03 15:41:06] [INFO] 开始执行 Git 提交操作
[2026-01-03 15:41:06] [INFO] 执行: 清理临时文件
[2026-01-03 15:41:06] [INFO] 没有需要清理的临时文件
[2026-01-03 15:41:06] [INFO] 执行: 检查/创建 .gitignore
[2026-01-03 15:41:06] [INFO] 创建 .gitignore 文件: C:\D\CAIE_tool\MyAIProduct\gitTool\.gitignore
[2026-01-03 15:41:06] [INFO] ✓ .gitignore 文件创建成功 (包含 *.exe 等常见规则)
[2026-01-03 15:41:06] [INFO] 执行安全检查...
[2026-01-03 15:41:06] [INFO] 安全检查通过
[2026-01-03 15:41:06] [INFO] 执行: 检查 Git 仓库
[2026-01-03 15:41:06] [COMMAND] $ cd "C:\D\CAIE_tool\MyAIProduct\gitTool" && (git rev-parse --git-dir >nul 2>&1 || git init)
[2026-01-03 15:41:06] [INFO] 执行: 添加文件
[2026-01-03 15:41:06] [COMMAND] $ cd "C:\D\CAIE_tool\MyAIProduct\gitTool" && git add .
