[2025-12-30 07:22:48] [INFO] 应用程序启动
[2025-12-30 07:23:33] [INFO] 开始执行 Git 提交操作
[2025-12-30 07:23:33] [INFO] 执行安全检查...
[2025-12-30 07:24:26] [WARN] 发现 3 个安全问题
[2025-12-30 07:31:57] [INFO] 应用程序启动
[2025-12-30 07:35:07] [INFO] 应用程序启动
[2025-12-30 07:40:04] [INFO] 应用程序启动
[2025-12-30 07:46:18] [INFO] 应用程序启动
[2025-12-30 07:46:18] [DEBUG] 过滤正则表达式: mongodb://[^@
[2025-12-30 07:46:18] [DEBUG] 过滤正则表达式: mysql://[^:]+:[^@
[2025-12-30 07:46:18] [DEBUG] 过滤正则表达式: mongodb://[^@
[2025-12-30 07:46:53] [INFO] 应用程序启动
[2025-12-30 07:46:53] [DEBUG] 过滤正则表达式: mongodb://[^@
[2025-12-30 07:46:53] [DEBUG] 过滤正则表达式: mysql://[^:]+:[^@
[2025-12-30 07:46:53] [DEBUG] 过滤正则表达式: mongodb://[^@
[2025-12-30 07:47:19] [INFO] 应用程序启动
[2025-12-30 07:47:40] [INFO] 应用程序启动
[2025-12-30 07:50:14] [INFO] 应用程序启动
[2025-12-30 07:52:47] [INFO] 开始执行 Git 提交操作
[2025-12-30 07:52:47] [INFO] 执行安全检查...
[2025-12-30 07:52:47] [INFO] 安全检查通过
[2025-12-30 07:52:47] [INFO] 当前分支: "main"
[2025-12-30 07:52:47] [INFO] 执行: 检查 Git 仓库
[2025-12-30 07:52:47] [DEBUG] Initialized empty Git repository in C:/D/CAIE_tool/MyAIProduct/gitTool/.git/
[2025-12-30 07:52:47] [INFO] 执行: 添加文件
